(mining, 13347, 0)
(mining, 27498, 0)
(mining, 15154, 0)
(mining, 27487, 0)
(mining, 13705, 0)
(mining, 34854, 0)
(mining, 15315, 0)
(mining, 4334, 0)
(mining, 11534, 0)
(mining, 30533, 0)
(mining, 13705, 1)
(mining, 13347, 1)
(mining, 13347, 0)
(mining, 27498, 0)
(mining, 15154, 0)
(mining, 27487, 0)
(mining, 13705, 0)
(mining, 34854, 0)
(mining, 15315, 0)
(mining, 4334, 0)
(mining, 11534, 0)
(mining, 30533, 0)
(yes, 1095, 0)
(yes, 23441, 0)
(yes, 37659, 0)
(yes, 28697, 0)
(yes, 6102, 0)
(yes, 29026, 0)
(yes, 9919, 0)
(yes, 9373, 0)
(yes, 2585, 0)
(yes, 38528, 0)
(linear algebra, 165087, 0)
(linear algebra, 84126, 0)
(linear algebra, 165087, 0)
(linear algebra, 84126, 0)
(linear algebra, 165087, 1)
(linear algebra, 165087, 1)
(linear algebra, 165087, 1)
(linear algebra, 165087, 1)
(linear algebra, 165087, 1)
(linear algebra, 165087, 1)
(linear algebra, 165087, 1)
(linear algebra, 165087, 1)
(complex variables, 82302, 0)
(complex variables, 154311, 0)
(complex variables, 1884, 0)
(complex variables, 154311, 1)
(linear algerba, 78761, 0)
(linear algerba, 93353, 0)
(linear algerba, 84126, 0)
(linear algerba, 180553, 0)
(linear algerba, 29237, 0)
(linear algerba, 173805, 0)
(linear algerba, 176538, 0)
(linear algerba, 62475, 0)
(linear algerba, 28802, 0)
(linear algerba, 93351, 0)
(linear algebra, 165087, 0)
(linear algebra, 84126, 0)
(linear algebra, 165087, 1)
(linear algebra, 84126, 1)
(linear algebra, 84126, 1)
(linear algebra, 84126, 1)
(linear algebra, 84126, 1)
(linear algebra, 84126, 1)
(linear algebra, 84126, 1)
(linear algebra, 165087, 1)
(linear algebra, 165087, 1)
(linear algebra, 165087, 0)
(linear algebra, 84126, 0)
(linear algebra, 165087, 1)
(linear algebra, 165087, 1)
(time series, 62853, 0)
(time series, 61738, 0)
(time series, 4609, 0)
(time series, 4861, 0)
(time series, 5110, 0)
(time series, 93449, 0)
(time series, 52381, 0)
(time series, 77822, 0)
(time series, 6018, 0)
(time series, 159524, 0)
(global warming, 174526, 0)
(global warming, 34093, 0)
(global warming, 159033, 0)
(global warming, 80526, 0)
(global warming, 58550, 0)
(global warming, 83750, 0)
(global warming, 75575, 0)
(global warming, 57141, 0)
(global warming, 28906, 0)
(global warming, 170846, 0)
(global warming, 34093, 1)
(global warming, 83750, 1)
(data mining, 159945, 0)
(data mining, 152909, 0)
(data mining, 38812, 0)
(data mining, 176587, 0)
(data mining, 166054, 0)
(data mining, 172973, 0)
(data mining, 46497, 0)
(data mining, 53012, 0)
(data mining, 180400, 0)
(data mining, 28973, 0)
(data mining, 28973, 1)
(geology, 1502, 0)
(geology, 844, 0)
(geology, 4311, 0)
(geology, 2370, 0)
(geology, 93091, 0)
(geology, 3957, 0)
(geology, 3785, 0)
(geology, 54400, 0)
(geology, 4526, 0)
(geology, 45197, 0)
(geology, 93091, 1)
(geology, 1502, 1)
(geology, 4311, 1)
(geology, 844, 1)
(germany, 164338, 0)
(germany, 27723, 0)
(germany, 76283, 0)
(germany, 64952, 0)
(germany, 62700, 0)
(germany, 29955, 0)
(germany, 27013, 0)
(germany, 72426, 0)
(germany, 11426, 0)
(germany, 57962, 0)
(dijkstra's algorithm is a graph algorithm, 172576, 0)
(dijkstra's algorithm is a graph algorithm, 84046, 0)
(dijkstra's algorithm is a graph algorithm, 131382, 0)
(dijkstra's algorithm is a graph algorithm, 73394, 0)
(dijkstra's algorithm is a graph algorithm, 73209, 0)
(dijkstra's algorithm is a graph algorithm, 181440, 0)
(dijkstra's algorithm is a graph algorithm, 81868, 0)
(dijkstra's algorithm is a graph algorithm, 78850, 0)
(dijkstra's algorithm is a graph algorithm, 79949, 0)
(dijkstra's algorithm is a graph algorithm, 110196, 0)
(dijkstra's algorithm is a graph algorithm, 181440, 1)
(dijkstra's algorithm is a graph algorithm, 172576, 0)
(dijkstra's algorithm is a graph algorithm, 84046, 0)
(dijkstra's algorithm is a graph algorithm, 131382, 0)
(dijkstra's algorithm is a graph algorithm, 73394, 0)
(dijkstra's algorithm is a graph algorithm, 73209, 0)
(dijkstra's algorithm is a graph algorithm, 181440, 0)
(dijkstra's algorithm is a graph algorithm, 81868, 0)
(dijkstra's algorithm is a graph algorithm, 78850, 0)
(dijkstra's algorithm is a graph algorithm, 79949, 0)
(dijkstra's algorithm is a graph algorithm, 110196, 0)
(dijkstra's algorithm is a graph algorithm, 172576, 0)
(dijkstra's algorithm is a graph algorithm, 84046, 0)
(dijkstra's algorithm is a graph algorithm, 131382, 0)
(dijkstra's algorithm is a graph algorithm, 73394, 0)
(dijkstra's algorithm is a graph algorithm, 73209, 0)
(dijkstra's algorithm is a graph algorithm, 181440, 0)
(dijkstra's algorithm is a graph algorithm, 81868, 0)
(dijkstra's algorithm is a graph algorithm, 78850, 0)
(dijkstra's algorithm is a graph algorithm, 79949, 0)
(dijkstra's algorithm is a graph algorithm, 110196, 0)
(dijkstra's algorithm is a graph algorithm, 172576, 0)
(dijkstra's algorithm is a graph algorithm, 84046, 0)
(dijkstra's algorithm is a graph algorithm, 131382, 0)
(dijkstra's algorithm is a graph algorithm, 73394, 0)
(dijkstra's algorithm is a graph algorithm, 73209, 0)
(dijkstra's algorithm is a graph algorithm, 181440, 0)
(dijkstra's algorithm is a graph algorithm, 81868, 0)
(dijkstra's algorithm is a graph algorithm, 78850, 0)
(dijkstra's algorithm is a graph algorithm, 79949, 0)
(dijkstra's algorithm is a graph algorithm, 110196, 0)
(dijkstra's algorithm is a graph algorithm, 172576, 0)
(dijkstra's algorithm is a graph algorithm, 84046, 0)
(dijkstra's algorithm is a graph algorithm, 131382, 0)
(dijkstra's algorithm is a graph algorithm, 73394, 0)
(dijkstra's algorithm is a graph algorithm, 73209, 0)
(dijkstra's algorithm is a graph algorithm, 181440, 0)
(dijkstra's algorithm is a graph algorithm, 81868, 0)
(dijkstra's algorithm is a graph algorithm, 78850, 0)
(dijkstra's algorithm is a graph algorithm, 79949, 0)
(dijkstra's algorithm is a graph algorithm, 110196, 0)
(dijkstra's algorithm is a graph algorithm, 172576, 0)
(dijkstra's algorithm is a graph algorithm, 84046, 0)
(dijkstra's algorithm is a graph algorithm, 131382, 0)
(dijkstra's algorithm is a graph algorithm, 73394, 0)
(dijkstra's algorithm is a graph algorithm, 73209, 0)
(dijkstra's algorithm is a graph algorithm, 181440, 0)
(dijkstra's algorithm is a graph algorithm, 81868, 0)
(dijkstra's algorithm is a graph algorithm, 78850, 0)
(dijkstra's algorithm is a graph algorithm, 79949, 0)
(dijkstra's algorithm is a graph algorithm, 110196, 0)
(dijkstra's algorithm is a graph algorithm, 172576, 0)
(dijkstra's algorithm is a graph algorithm, 84046, 0)
(dijkstra's algorithm is a graph algorithm, 131382, 0)
(dijkstra's algorithm is a graph algorithm, 73394, 0)
(dijkstra's algorithm is a graph algorithm, 73209, 0)
(dijkstra's algorithm is a graph algorithm, 181440, 0)
(dijkstra's algorithm is a graph algorithm, 81868, 0)
(dijkstra's algorithm is a graph algorithm, 78850, 0)
(dijkstra's algorithm is a graph algorithm, 79949, 0)
(dijkstra's algorithm is a graph algorithm, 110196, 0)
(dijkstra's algorithm is a graph algorithm, 172576, 0)
(dijkstra's algorithm is a graph algorithm, 84046, 0)
(dijkstra's algorithm is a graph algorithm, 131382, 0)
(dijkstra's algorithm is a graph algorithm, 73394, 0)
(dijkstra's algorithm is a graph algorithm, 73209, 0)
(dijkstra's algorithm is a graph algorithm, 181440, 0)
(dijkstra's algorithm is a graph algorithm, 81868, 0)
(dijkstra's algorithm is a graph algorithm, 78850, 0)
(dijkstra's algorithm is a graph algorithm, 79949, 0)
(dijkstra's algorithm is a graph algorithm, 110196, 0)
(dijkstra's algorithm is a graph algorithm, 172576, 0)
(dijkstra's algorithm is a graph algorithm, 84046, 0)
(dijkstra's algorithm is a graph algorithm, 131382, 0)
(dijkstra's algorithm is a graph algorithm, 73394, 0)
(dijkstra's algorithm is a graph algorithm, 73209, 0)
(dijkstra's algorithm is a graph algorithm, 181440, 0)
(dijkstra's algorithm is a graph algorithm, 81868, 0)
(dijkstra's algorithm is a graph algorithm, 78850, 0)
(dijkstra's algorithm is a graph algorithm, 79949, 0)
(dijkstra's algorithm is a graph algorithm, 110196, 0)
(dijkstra's algorithm is a graph algorithm, 172576, 0)
(dijkstra's algorithm is a graph algorithm, 84046, 0)
(dijkstra's algorithm is a graph algorithm, 131382, 0)
(dijkstra's algorithm is a graph algorithm, 73394, 0)
(dijkstra's algorithm is a graph algorithm, 73209, 0)
(dijkstra's algorithm is a graph algorithm, 181440, 0)
(dijkstra's algorithm is a graph algorithm, 81868, 0)
(dijkstra's algorithm is a graph algorithm, 78850, 0)
(dijkstra's algorithm is a graph algorithm, 79949, 0)
(dijkstra's algorithm is a graph algorithm, 110196, 0)
(dijkstra's algorithm is a graph algorithm, 172576, 0)
(dijkstra's algorithm is a graph algorithm, 84046, 0)
(dijkstra's algorithm is a graph algorithm, 131382, 0)
(dijkstra's algorithm is a graph algorithm, 73394, 0)
(dijkstra's algorithm is a graph algorithm, 73209, 0)
(dijkstra's algorithm is a graph algorithm, 181440, 0)
(dijkstra's algorithm is a graph algorithm, 81868, 0)
(dijkstra's algorithm is a graph algorithm, 78850, 0)
(dijkstra's algorithm is a graph algorithm, 79949, 0)
(dijkstra's algorithm is a graph algorithm, 110196, 0)
(dijkstra's algorithm is a graph algorithm, 172576, 0)
(dijkstra's algorithm is a graph algorithm, 84046, 0)
(dijkstra's algorithm is a graph algorithm, 131382, 0)
(dijkstra's algorithm is a graph algorithm, 73394, 0)
(dijkstra's algorithm is a graph algorithm, 73209, 0)
(dijkstra's algorithm is a graph algorithm, 181440, 0)
(dijkstra's algorithm is a graph algorithm, 81868, 0)
(dijkstra's algorithm is a graph algorithm, 78850, 0)
(dijkstra's algorithm is a graph algorithm, 79949, 0)
(dijkstra's algorithm is a graph algorithm, 110196, 0)
(dijkstra's algorithm is a graph algorithm, 172576, 0)
(dijkstra's algorithm is a graph algorithm, 84046, 0)
(dijkstra's algorithm is a graph algorithm, 131382, 0)
(dijkstra's algorithm is a graph algorithm, 73394, 0)
(dijkstra's algorithm is a graph algorithm, 73209, 0)
(dijkstra's algorithm is a graph algorithm, 181440, 0)
(dijkstra's algorithm is a graph algorithm, 81868, 0)
(dijkstra's algorithm is a graph algorithm, 78850, 0)
(dijkstra's algorithm is a graph algorithm, 79949, 0)
(dijkstra's algorithm is a graph algorithm, 110196, 0)
(dijkstra's algorithm is a graph algorithm, 172576, 0)
(dijkstra's algorithm is a graph algorithm, 84046, 0)
(dijkstra's algorithm is a graph algorithm, 131382, 0)
(dijkstra's algorithm is a graph algorithm, 73394, 0)
(dijkstra's algorithm is a graph algorithm, 73209, 0)
(dijkstra's algorithm is a graph algorithm, 181440, 0)
(dijkstra's algorithm is a graph algorithm, 81868, 0)
(dijkstra's algorithm is a graph algorithm, 78850, 0)
(dijkstra's algorithm is a graph algorithm, 79949, 0)
(dijkstra's algorithm is a graph algorithm, 110196, 0)
(dijkstra's algorithm is a graph algorithm, 172576, 0)
(dijkstra's algorithm is a graph algorithm, 84046, 0)
(dijkstra's algorithm is a graph algorithm, 131382, 0)
(dijkstra's algorithm is a graph algorithm, 73394, 0)
(dijkstra's algorithm is a graph algorithm, 73209, 0)
(dijkstra's algorithm is a graph algorithm, 181440, 0)
(dijkstra's algorithm is a graph algorithm, 81868, 0)
(dijkstra's algorithm is a graph algorithm, 78850, 0)
(dijkstra's algorithm is a graph algorithm, 79949, 0)
(dijkstra's algorithm is a graph algorithm, 110196, 0)
(monte carlo, 45403, 0)
(monte carlo, 45095, 0)
(monte carlo, 65692, 0)
(monte carlo, 83936, 0)
(monte carlo, 80620, 0)
(monte carlo, 177834, 0)
(monte carlo, 41457, 0)
(monte carlo, 173831, 0)
(monte carlo, 56708, 0)
(monte carlo, 56882, 0)
(monte carlo, 45403, 1)
(monte carlo, 65692, 1)
(monte carlo, 65692, 1)
(geology, 1502, 0)
(geology, 844, 0)
(geology, 4311, 0)
(geology, 2370, 0)
(geology, 93091, 0)
(geology, 3957, 0)
(geology, 3785, 0)
(geology, 54400, 0)
(geology, 4526, 0)
(geology, 45197, 0)
(geology, 93091, 1)
(Geology is an earth science concerned with the solid Earth, the rocks of which it is composed, and the processes by which they change over time., 93378, 0)
(Geology is an earth science concerned with the solid Earth, the rocks of which it is composed, and the processes by which they change over time., 5130, 0)
(Geology is an earth science concerned with the solid Earth, the rocks of which it is composed, and the processes by which they change over time., 264, 0)
(Geology is an earth science concerned with the solid Earth, the rocks of which it is composed, and the processes by which they change over time., 51044, 0)
(Geology is an earth science concerned with the solid Earth, the rocks of which it is composed, and the processes by which they change over time., 2018, 0)
(Geology is an earth science concerned with the solid Earth, the rocks of which it is composed, and the processes by which they change over time., 51462, 0)
(Geology is an earth science concerned with the solid Earth, the rocks of which it is composed, and the processes by which they change over time., 4938, 0)
(Geology is an earth science concerned with the solid Earth, the rocks of which it is composed, and the processes by which they change over time., 2880, 0)
(Geology is an earth science concerned with the solid Earth, the rocks of which it is composed, and the processes by which they change over time., 51056, 0)
(Geology is an earth science concerned with the solid Earth, the rocks of which it is composed, and the processes by which they change over time., 75714, 0)
(Geology can also include the study of the solid features of any terrestrial planet or natural satellite such as Mars or the Moon., 155743, 0)
(Geology can also include the study of the solid features of any terrestrial planet or natural satellite such as Mars or the Moon., 154921, 0)
(Geology can also include the study of the solid features of any terrestrial planet or natural satellite such as Mars or the Moon., 15962, 0)
(Geology can also include the study of the solid features of any terrestrial planet or natural satellite such as Mars or the Moon., 52844, 0)
(Geology can also include the study of the solid features of any terrestrial planet or natural satellite such as Mars or the Moon., 1428, 0)
(Geology can also include the study of the solid features of any terrestrial planet or natural satellite such as Mars or the Moon., 50802, 0)
(Geology can also include the study of the solid features of any terrestrial planet or natural satellite such as Mars or the Moon., 3567, 0)
(Geology can also include the study of the solid features of any terrestrial planet or natural satellite such as Mars or the Moon., 64542, 0)
(Geology can also include the study of the solid features of any terrestrial planet or natural satellite such as Mars or the Moon., 759, 0)
(Geology can also include the study of the solid features of any terrestrial planet or natural satellite such as Mars or the Moon., 159046, 0)
(Modern geology significantly overlaps all other earth sciences, including hydrology and the atmospheric sciences, and so is treated as one major aspect of integrated earth system science and planetary science., 2018, 0)
(Modern geology significantly overlaps all other earth sciences, including hydrology and the atmospheric sciences, and so is treated as one major aspect of integrated earth system science and planetary science., 1122, 0)
(Modern geology significantly overlaps all other earth sciences, including hydrology and the atmospheric sciences, and so is treated as one major aspect of integrated earth system science and planetary science., 17224, 0)
(Modern geology significantly overlaps all other earth sciences, including hydrology and the atmospheric sciences, and so is treated as one major aspect of integrated earth system science and planetary science., 17617, 0)
(Modern geology significantly overlaps all other earth sciences, including hydrology and the atmospheric sciences, and so is treated as one major aspect of integrated earth system science and planetary science., 17557, 0)
(Modern geology significantly overlaps all other earth sciences, including hydrology and the atmospheric sciences, and so is treated as one major aspect of integrated earth system science and planetary science., 17061, 0)
(Modern geology significantly overlaps all other earth sciences, including hydrology and the atmospheric sciences, and so is treated as one major aspect of integrated earth system science and planetary science., 17232, 0)
(Modern geology significantly overlaps all other earth sciences, including hydrology and the atmospheric sciences, and so is treated as one major aspect of integrated earth system science and planetary science., 17556, 0)
(Modern geology significantly overlaps all other earth sciences, including hydrology and the atmospheric sciences, and so is treated as one major aspect of integrated earth system science and planetary science., 17632, 0)
(Modern geology significantly overlaps all other earth sciences, including hydrology and the atmospheric sciences, and so is treated as one major aspect of integrated earth system science and planetary science., 17494, 0)
(Geology is an earth science concerned with the solid Earth, the rocks of which it is composed, and the processes by which they change over time., 93378, 0)
(Geology is an earth science concerned with the solid Earth, the rocks of which it is composed, and the processes by which they change over time., 5130, 0)
(Geology is an earth science concerned with the solid Earth, the rocks of which it is composed, and the processes by which they change over time., 264, 0)
(Geology is an earth science concerned with the solid Earth, the rocks of which it is composed, and the processes by which they change over time., 51044, 0)
(Geology is an earth science concerned with the solid Earth, the rocks of which it is composed, and the processes by which they change over time., 2018, 0)
(Geology is an earth science concerned with the solid Earth, the rocks of which it is composed, and the processes by which they change over time., 51462, 0)
(Geology is an earth science concerned with the solid Earth, the rocks of which it is composed, and the processes by which they change over time., 4938, 0)
(Geology is an earth science concerned with the solid Earth, the rocks of which it is composed, and the processes by which they change over time., 2880, 0)
(Geology is an earth science concerned with the solid Earth, the rocks of which it is composed, and the processes by which they change over time., 51056, 0)
(Geology is an earth science concerned with the solid Earth, the rocks of which it is composed, and the processes by which they change over time., 75714, 0)
(Geology can also include the study of the solid features of any terrestrial planet or natural satellite such as Mars or the Moon., 155743, 0)
(Geology can also include the study of the solid features of any terrestrial planet or natural satellite such as Mars or the Moon., 154921, 0)
(Geology can also include the study of the solid features of any terrestrial planet or natural satellite such as Mars or the Moon., 15962, 0)
(Geology can also include the study of the solid features of any terrestrial planet or natural satellite such as Mars or the Moon., 52844, 0)
(Geology can also include the study of the solid features of any terrestrial planet or natural satellite such as Mars or the Moon., 1428, 0)
(Geology can also include the study of the solid features of any terrestrial planet or natural satellite such as Mars or the Moon., 50802, 0)
(Geology can also include the study of the solid features of any terrestrial planet or natural satellite such as Mars or the Moon., 3567, 0)
(Geology can also include the study of the solid features of any terrestrial planet or natural satellite such as Mars or the Moon., 64542, 0)
(Geology can also include the study of the solid features of any terrestrial planet or natural satellite such as Mars or the Moon., 759, 0)
(Geology can also include the study of the solid features of any terrestrial planet or natural satellite such as Mars or the Moon., 159046, 0)
(Modern geology significantly overlaps all other earth sciences, including hydrology and the atmospheric sciences, and so is treated as one major aspect of integrated earth system science and planetary science., 2018, 0)
(Modern geology significantly overlaps all other earth sciences, including hydrology and the atmospheric sciences, and so is treated as one major aspect of integrated earth system science and planetary science., 1122, 0)
(Modern geology significantly overlaps all other earth sciences, including hydrology and the atmospheric sciences, and so is treated as one major aspect of integrated earth system science and planetary science., 17224, 0)
(Modern geology significantly overlaps all other earth sciences, including hydrology and the atmospheric sciences, and so is treated as one major aspect of integrated earth system science and planetary science., 17617, 0)
(Modern geology significantly overlaps all other earth sciences, including hydrology and the atmospheric sciences, and so is treated as one major aspect of integrated earth system science and planetary science., 17557, 0)
(Modern geology significantly overlaps all other earth sciences, including hydrology and the atmospheric sciences, and so is treated as one major aspect of integrated earth system science and planetary science., 17061, 0)
(Modern geology significantly overlaps all other earth sciences, including hydrology and the atmospheric sciences, and so is treated as one major aspect of integrated earth system science and planetary science., 17232, 0)
(Modern geology significantly overlaps all other earth sciences, including hydrology and the atmospheric sciences, and so is treated as one major aspect of integrated earth system science and planetary science., 17556, 0)
(Modern geology significantly overlaps all other earth sciences, including hydrology and the atmospheric sciences, and so is treated as one major aspect of integrated earth system science and planetary science., 17632, 0)
(Modern geology significantly overlaps all other earth sciences, including hydrology and the atmospheric sciences, and so is treated as one major aspect of integrated earth system science and planetary science., 17494, 0)
(Geology is an earth science concerned with the solid Earth, the rocks of which it is composed, and the processes by which they change over time., 93378, 0)
(Geology is an earth science concerned with the solid Earth, the rocks of which it is composed, and the processes by which they change over time., 5130, 0)
(Geology is an earth science concerned with the solid Earth, the rocks of which it is composed, and the processes by which they change over time., 264, 0)
(Geology is an earth science concerned with the solid Earth, the rocks of which it is composed, and the processes by which they change over time., 51044, 0)
(Geology is an earth science concerned with the solid Earth, the rocks of which it is composed, and the processes by which they change over time., 2018, 0)
(Geology is an earth science concerned with the solid Earth, the rocks of which it is composed, and the processes by which they change over time., 51462, 0)
(Geology is an earth science concerned with the solid Earth, the rocks of which it is composed, and the processes by which they change over time., 4938, 0)
(Geology is an earth science concerned with the solid Earth, the rocks of which it is composed, and the processes by which they change over time., 2880, 0)
(Geology is an earth science concerned with the solid Earth, the rocks of which it is composed, and the processes by which they change over time., 51056, 0)
(Geology is an earth science concerned with the solid Earth, the rocks of which it is composed, and the processes by which they change over time., 75714, 0)
(Geology can also include the study of the solid features of any terrestrial planet or natural satellite such as Mars or the Moon., 155743, 0)
(Geology can also include the study of the solid features of any terrestrial planet or natural satellite such as Mars or the Moon., 154921, 0)
(Geology can also include the study of the solid features of any terrestrial planet or natural satellite such as Mars or the Moon., 15962, 0)
(Geology can also include the study of the solid features of any terrestrial planet or natural satellite such as Mars or the Moon., 52844, 0)
(Geology can also include the study of the solid features of any terrestrial planet or natural satellite such as Mars or the Moon., 1428, 0)
(Geology can also include the study of the solid features of any terrestrial planet or natural satellite such as Mars or the Moon., 50802, 0)
(Geology can also include the study of the solid features of any terrestrial planet or natural satellite such as Mars or the Moon., 3567, 0)
(Geology can also include the study of the solid features of any terrestrial planet or natural satellite such as Mars or the Moon., 64542, 0)
(Geology can also include the study of the solid features of any terrestrial planet or natural satellite such as Mars or the Moon., 759, 0)
(Geology can also include the study of the solid features of any terrestrial planet or natural satellite such as Mars or the Moon., 159046, 0)
(Modern geology significantly overlaps all other earth sciences, including hydrology and the atmospheric sciences, and so is treated as one major aspect of integrated earth system science and planetary science., 2018, 0)
(Modern geology significantly overlaps all other earth sciences, including hydrology and the atmospheric sciences, and so is treated as one major aspect of integrated earth system science and planetary science., 1122, 0)
(Modern geology significantly overlaps all other earth sciences, including hydrology and the atmospheric sciences, and so is treated as one major aspect of integrated earth system science and planetary science., 17224, 0)
(Modern geology significantly overlaps all other earth sciences, including hydrology and the atmospheric sciences, and so is treated as one major aspect of integrated earth system science and planetary science., 17617, 0)
(Modern geology significantly overlaps all other earth sciences, including hydrology and the atmospheric sciences, and so is treated as one major aspect of integrated earth system science and planetary science., 17557, 0)
(Modern geology significantly overlaps all other earth sciences, including hydrology and the atmospheric sciences, and so is treated as one major aspect of integrated earth system science and planetary science., 17061, 0)
(Modern geology significantly overlaps all other earth sciences, including hydrology and the atmospheric sciences, and so is treated as one major aspect of integrated earth system science and planetary science., 17232, 0)
(Modern geology significantly overlaps all other earth sciences, including hydrology and the atmospheric sciences, and so is treated as one major aspect of integrated earth system science and planetary science., 17556, 0)
(Modern geology significantly overlaps all other earth sciences, including hydrology and the atmospheric sciences, and so is treated as one major aspect of integrated earth system science and planetary science., 17632, 0)
(Modern geology significantly overlaps all other earth sciences, including hydrology and the atmospheric sciences, and so is treated as one major aspect of integrated earth system science and planetary science., 17494, 0)
(Geology is an earth science concerned with the solid Earth, the rocks of which it is composed, and the processes by which they change over time., 93378, 0)
(Geology is an earth science concerned with the solid Earth, the rocks of which it is composed, and the processes by which they change over time., 5130, 0)
(Geology is an earth science concerned with the solid Earth, the rocks of which it is composed, and the processes by which they change over time., 264, 0)
(Geology is an earth science concerned with the solid Earth, the rocks of which it is composed, and the processes by which they change over time., 51044, 0)
(Geology is an earth science concerned with the solid Earth, the rocks of which it is composed, and the processes by which they change over time., 2018, 0)
(Geology is an earth science concerned with the solid Earth, the rocks of which it is composed, and the processes by which they change over time., 51462, 0)
(Geology is an earth science concerned with the solid Earth, the rocks of which it is composed, and the processes by which they change over time., 4938, 0)
(Geology is an earth science concerned with the solid Earth, the rocks of which it is composed, and the processes by which they change over time., 2880, 0)
(Geology is an earth science concerned with the solid Earth, the rocks of which it is composed, and the processes by which they change over time., 51056, 0)
(Geology is an earth science concerned with the solid Earth, the rocks of which it is composed, and the processes by which they change over time., 75714, 0)
(Geology can also include the study of the solid features of any terrestrial planet or natural satellite such as Mars or the Moon., 155743, 0)
(Geology can also include the study of the solid features of any terrestrial planet or natural satellite such as Mars or the Moon., 154921, 0)
(Geology can also include the study of the solid features of any terrestrial planet or natural satellite such as Mars or the Moon., 15962, 0)
(Geology can also include the study of the solid features of any terrestrial planet or natural satellite such as Mars or the Moon., 52844, 0)
(Geology can also include the study of the solid features of any terrestrial planet or natural satellite such as Mars or the Moon., 1428, 0)
(Geology can also include the study of the solid features of any terrestrial planet or natural satellite such as Mars or the Moon., 50802, 0)
(Geology can also include the study of the solid features of any terrestrial planet or natural satellite such as Mars or the Moon., 3567, 0)
(Geology can also include the study of the solid features of any terrestrial planet or natural satellite such as Mars or the Moon., 64542, 0)
(Geology can also include the study of the solid features of any terrestrial planet or natural satellite such as Mars or the Moon., 759, 0)
(Geology can also include the study of the solid features of any terrestrial planet or natural satellite such as Mars or the Moon., 159046, 0)
(Modern geology significantly overlaps all other earth sciences, including hydrology and the atmospheric sciences, and so is treated as one major aspect of integrated earth system science and planetary science., 2018, 0)
(Modern geology significantly overlaps all other earth sciences, including hydrology and the atmospheric sciences, and so is treated as one major aspect of integrated earth system science and planetary science., 1122, 0)
(Modern geology significantly overlaps all other earth sciences, including hydrology and the atmospheric sciences, and so is treated as one major aspect of integrated earth system science and planetary science., 17224, 0)
(Modern geology significantly overlaps all other earth sciences, including hydrology and the atmospheric sciences, and so is treated as one major aspect of integrated earth system science and planetary science., 17617, 0)
(Modern geology significantly overlaps all other earth sciences, including hydrology and the atmospheric sciences, and so is treated as one major aspect of integrated earth system science and planetary science., 17557, 0)
(Modern geology significantly overlaps all other earth sciences, including hydrology and the atmospheric sciences, and so is treated as one major aspect of integrated earth system science and planetary science., 17061, 0)
(Modern geology significantly overlaps all other earth sciences, including hydrology and the atmospheric sciences, and so is treated as one major aspect of integrated earth system science and planetary science., 17232, 0)
(Modern geology significantly overlaps all other earth sciences, including hydrology and the atmospheric sciences, and so is treated as one major aspect of integrated earth system science and planetary science., 17556, 0)
(Modern geology significantly overlaps all other earth sciences, including hydrology and the atmospheric sciences, and so is treated as one major aspect of integrated earth system science and planetary science., 17632, 0)
(Modern geology significantly overlaps all other earth sciences, including hydrology and the atmospheric sciences, and so is treated as one major aspect of integrated earth system science and planetary science., 17494, 0)
(Geology is an earth science concerned with the solid Earth, the rocks of which it is composed, and the processes by which they change over time., 93378, 0)
(Geology is an earth science concerned with the solid Earth, the rocks of which it is composed, and the processes by which they change over time., 5130, 0)
(Geology is an earth science concerned with the solid Earth, the rocks of which it is composed, and the processes by which they change over time., 264, 0)
(Geology is an earth science concerned with the solid Earth, the rocks of which it is composed, and the processes by which they change over time., 51044, 0)
(Geology is an earth science concerned with the solid Earth, the rocks of which it is composed, and the processes by which they change over time., 2018, 0)
(Geology is an earth science concerned with the solid Earth, the rocks of which it is composed, and the processes by which they change over time., 51462, 0)
(Geology is an earth science concerned with the solid Earth, the rocks of which it is composed, and the processes by which they change over time., 4938, 0)
(Geology is an earth science concerned with the solid Earth, the rocks of which it is composed, and the processes by which they change over time., 2880, 0)
(Geology is an earth science concerned with the solid Earth, the rocks of which it is composed, and the processes by which they change over time., 51056, 0)
(Geology is an earth science concerned with the solid Earth, the rocks of which it is composed, and the processes by which they change over time., 75714, 0)
(Geology can also include the study of the solid features of any terrestrial planet or natural satellite such as Mars or the Moon., 155743, 0)
(Geology can also include the study of the solid features of any terrestrial planet or natural satellite such as Mars or the Moon., 154921, 0)
(Geology can also include the study of the solid features of any terrestrial planet or natural satellite such as Mars or the Moon., 15962, 0)
(Geology can also include the study of the solid features of any terrestrial planet or natural satellite such as Mars or the Moon., 52844, 0)
(Geology can also include the study of the solid features of any terrestrial planet or natural satellite such as Mars or the Moon., 1428, 0)
(Geology can also include the study of the solid features of any terrestrial planet or natural satellite such as Mars or the Moon., 50802, 0)
(Geology can also include the study of the solid features of any terrestrial planet or natural satellite such as Mars or the Moon., 3567, 0)
(Geology can also include the study of the solid features of any terrestrial planet or natural satellite such as Mars or the Moon., 64542, 0)
(Geology can also include the study of the solid features of any terrestrial planet or natural satellite such as Mars or the Moon., 759, 0)
(Geology can also include the study of the solid features of any terrestrial planet or natural satellite such as Mars or the Moon., 159046, 0)
(Modern geology significantly overlaps all other earth sciences, including hydrology and the atmospheric sciences, and so is treated as one major aspect of integrated earth system science and planetary science., 2018, 0)
(Modern geology significantly overlaps all other earth sciences, including hydrology and the atmospheric sciences, and so is treated as one major aspect of integrated earth system science and planetary science., 1122, 0)
(Modern geology significantly overlaps all other earth sciences, including hydrology and the atmospheric sciences, and so is treated as one major aspect of integrated earth system science and planetary science., 17224, 0)
(Modern geology significantly overlaps all other earth sciences, including hydrology and the atmospheric sciences, and so is treated as one major aspect of integrated earth system science and planetary science., 17617, 0)
(Modern geology significantly overlaps all other earth sciences, including hydrology and the atmospheric sciences, and so is treated as one major aspect of integrated earth system science and planetary science., 17557, 0)
(Modern geology significantly overlaps all other earth sciences, including hydrology and the atmospheric sciences, and so is treated as one major aspect of integrated earth system science and planetary science., 17061, 0)
(Modern geology significantly overlaps all other earth sciences, including hydrology and the atmospheric sciences, and so is treated as one major aspect of integrated earth system science and planetary science., 17232, 0)
(Modern geology significantly overlaps all other earth sciences, including hydrology and the atmospheric sciences, and so is treated as one major aspect of integrated earth system science and planetary science., 17556, 0)
(Modern geology significantly overlaps all other earth sciences, including hydrology and the atmospheric sciences, and so is treated as one major aspect of integrated earth system science and planetary science., 17632, 0)
(Modern geology significantly overlaps all other earth sciences, including hydrology and the atmospheric sciences, and so is treated as one major aspect of integrated earth system science and planetary science., 17494, 0)
(Geology is an earth science concerned with the solid Earth, the rocks of which it is composed, and the processes by which they change over time., 93378, 0)
(Geology is an earth science concerned with the solid Earth, the rocks of which it is composed, and the processes by which they change over time., 5130, 0)
(Geology is an earth science concerned with the solid Earth, the rocks of which it is composed, and the processes by which they change over time., 264, 0)
(Geology is an earth science concerned with the solid Earth, the rocks of which it is composed, and the processes by which they change over time., 51044, 0)
(Geology is an earth science concerned with the solid Earth, the rocks of which it is composed, and the processes by which they change over time., 2018, 0)
(Geology is an earth science concerned with the solid Earth, the rocks of which it is composed, and the processes by which they change over time., 51462, 0)
(Geology is an earth science concerned with the solid Earth, the rocks of which it is composed, and the processes by which they change over time., 4938, 0)
(Geology is an earth science concerned with the solid Earth, the rocks of which it is composed, and the processes by which they change over time., 2880, 0)
(Geology is an earth science concerned with the solid Earth, the rocks of which it is composed, and the processes by which they change over time., 51056, 0)
(Geology is an earth science concerned with the solid Earth, the rocks of which it is composed, and the processes by which they change over time., 75714, 0)
(Geology can also include the study of the solid features of any terrestrial planet or natural satellite such as Mars or the Moon., 155743, 0)
(Geology can also include the study of the solid features of any terrestrial planet or natural satellite such as Mars or the Moon., 154921, 0)
(Geology can also include the study of the solid features of any terrestrial planet or natural satellite such as Mars or the Moon., 15962, 0)
(Geology can also include the study of the solid features of any terrestrial planet or natural satellite such as Mars or the Moon., 52844, 0)
(Geology can also include the study of the solid features of any terrestrial planet or natural satellite such as Mars or the Moon., 1428, 0)
(Geology can also include the study of the solid features of any terrestrial planet or natural satellite such as Mars or the Moon., 50802, 0)
(Geology can also include the study of the solid features of any terrestrial planet or natural satellite such as Mars or the Moon., 3567, 0)
(Geology can also include the study of the solid features of any terrestrial planet or natural satellite such as Mars or the Moon., 64542, 0)
(Geology can also include the study of the solid features of any terrestrial planet or natural satellite such as Mars or the Moon., 759, 0)
(Geology can also include the study of the solid features of any terrestrial planet or natural satellite such as Mars or the Moon., 159046, 0)
(Modern geology significantly overlaps all other earth sciences, including hydrology and the atmospheric sciences, and so is treated as one major aspect of integrated earth system science and planetary science., 2018, 0)
(Modern geology significantly overlaps all other earth sciences, including hydrology and the atmospheric sciences, and so is treated as one major aspect of integrated earth system science and planetary science., 1122, 0)
(Modern geology significantly overlaps all other earth sciences, including hydrology and the atmospheric sciences, and so is treated as one major aspect of integrated earth system science and planetary science., 17224, 0)
(Modern geology significantly overlaps all other earth sciences, including hydrology and the atmospheric sciences, and so is treated as one major aspect of integrated earth system science and planetary science., 17617, 0)
(Modern geology significantly overlaps all other earth sciences, including hydrology and the atmospheric sciences, and so is treated as one major aspect of integrated earth system science and planetary science., 17557, 0)
(Modern geology significantly overlaps all other earth sciences, including hydrology and the atmospheric sciences, and so is treated as one major aspect of integrated earth system science and planetary science., 17061, 0)
(Modern geology significantly overlaps all other earth sciences, including hydrology and the atmospheric sciences, and so is treated as one major aspect of integrated earth system science and planetary science., 17232, 0)
(Modern geology significantly overlaps all other earth sciences, including hydrology and the atmospheric sciences, and so is treated as one major aspect of integrated earth system science and planetary science., 17556, 0)
(Modern geology significantly overlaps all other earth sciences, including hydrology and the atmospheric sciences, and so is treated as one major aspect of integrated earth system science and planetary science., 17632, 0)
(Modern geology significantly overlaps all other earth sciences, including hydrology and the atmospheric sciences, and so is treated as one major aspect of integrated earth system science and planetary science., 17494, 0)
(Geology is an earth science concerned with the solid Earth, the rocks of which it is composed, and the processes by which they change over time., 93378, 0)
(Geology is an earth science concerned with the solid Earth, the rocks of which it is composed, and the processes by which they change over time., 5130, 0)
(Geology is an earth science concerned with the solid Earth, the rocks of which it is composed, and the processes by which they change over time., 264, 0)
(Geology is an earth science concerned with the solid Earth, the rocks of which it is composed, and the processes by which they change over time., 51044, 0)
(Geology is an earth science concerned with the solid Earth, the rocks of which it is composed, and the processes by which they change over time., 2018, 0)
(Geology is an earth science concerned with the solid Earth, the rocks of which it is composed, and the processes by which they change over time., 51462, 0)
(Geology is an earth science concerned with the solid Earth, the rocks of which it is composed, and the processes by which they change over time., 4938, 0)
(Geology is an earth science concerned with the solid Earth, the rocks of which it is composed, and the processes by which they change over time., 2880, 0)
(Geology is an earth science concerned with the solid Earth, the rocks of which it is composed, and the processes by which they change over time., 51056, 0)
(Geology is an earth science concerned with the solid Earth, the rocks of which it is composed, and the processes by which they change over time., 75714, 0)
(Geology can also include the study of the solid features of any terrestrial planet or natural satellite such as Mars or the Moon., 155743, 0)
(Geology can also include the study of the solid features of any terrestrial planet or natural satellite such as Mars or the Moon., 154921, 0)
(Geology can also include the study of the solid features of any terrestrial planet or natural satellite such as Mars or the Moon., 15962, 0)
(Geology can also include the study of the solid features of any terrestrial planet or natural satellite such as Mars or the Moon., 52844, 0)
(Geology can also include the study of the solid features of any terrestrial planet or natural satellite such as Mars or the Moon., 1428, 0)
(Geology can also include the study of the solid features of any terrestrial planet or natural satellite such as Mars or the Moon., 50802, 0)
(Geology can also include the study of the solid features of any terrestrial planet or natural satellite such as Mars or the Moon., 3567, 0)
(Geology can also include the study of the solid features of any terrestrial planet or natural satellite such as Mars or the Moon., 64542, 0)
(Geology can also include the study of the solid features of any terrestrial planet or natural satellite such as Mars or the Moon., 759, 0)
(Geology can also include the study of the solid features of any terrestrial planet or natural satellite such as Mars or the Moon., 159046, 0)
(Modern geology significantly overlaps all other earth sciences, including hydrology and the atmospheric sciences, and so is treated as one major aspect of integrated earth system science and planetary science., 2018, 0)
(Modern geology significantly overlaps all other earth sciences, including hydrology and the atmospheric sciences, and so is treated as one major aspect of integrated earth system science and planetary science., 1122, 0)
(Modern geology significantly overlaps all other earth sciences, including hydrology and the atmospheric sciences, and so is treated as one major aspect of integrated earth system science and planetary science., 17224, 0)
(Modern geology significantly overlaps all other earth sciences, including hydrology and the atmospheric sciences, and so is treated as one major aspect of integrated earth system science and planetary science., 17617, 0)
(Modern geology significantly overlaps all other earth sciences, including hydrology and the atmospheric sciences, and so is treated as one major aspect of integrated earth system science and planetary science., 17557, 0)
(Modern geology significantly overlaps all other earth sciences, including hydrology and the atmospheric sciences, and so is treated as one major aspect of integrated earth system science and planetary science., 17061, 0)
(Modern geology significantly overlaps all other earth sciences, including hydrology and the atmospheric sciences, and so is treated as one major aspect of integrated earth system science and planetary science., 17232, 0)
(Modern geology significantly overlaps all other earth sciences, including hydrology and the atmospheric sciences, and so is treated as one major aspect of integrated earth system science and planetary science., 17556, 0)
(Modern geology significantly overlaps all other earth sciences, including hydrology and the atmospheric sciences, and so is treated as one major aspect of integrated earth system science and planetary science., 17632, 0)
(Modern geology significantly overlaps all other earth sciences, including hydrology and the atmospheric sciences, and so is treated as one major aspect of integrated earth system science and planetary science., 17494, 0)
(Geology is an earth science concerned with the solid Earth, the rocks of which it is composed, and the processes by which they change over time., 93378, 0)
(Geology is an earth science concerned with the solid Earth, the rocks of which it is composed, and the processes by which they change over time., 5130, 0)
(Geology is an earth science concerned with the solid Earth, the rocks of which it is composed, and the processes by which they change over time., 264, 0)
(Geology is an earth science concerned with the solid Earth, the rocks of which it is composed, and the processes by which they change over time., 51044, 0)
(Geology is an earth science concerned with the solid Earth, the rocks of which it is composed, and the processes by which they change over time., 2018, 0)
(Geology is an earth science concerned with the solid Earth, the rocks of which it is composed, and the processes by which they change over time., 51462, 0)
(Geology is an earth science concerned with the solid Earth, the rocks of which it is composed, and the processes by which they change over time., 4938, 0)
(Geology is an earth science concerned with the solid Earth, the rocks of which it is composed, and the processes by which they change over time., 2880, 0)
(Geology is an earth science concerned with the solid Earth, the rocks of which it is composed, and the processes by which they change over time., 51056, 0)
(Geology is an earth science concerned with the solid Earth, the rocks of which it is composed, and the processes by which they change over time., 75714, 0)
(Geology can also include the study of the solid features of any terrestrial planet or natural satellite such as Mars or the Moon., 155743, 0)
(Geology can also include the study of the solid features of any terrestrial planet or natural satellite such as Mars or the Moon., 154921, 0)
(Geology can also include the study of the solid features of any terrestrial planet or natural satellite such as Mars or the Moon., 15962, 0)
(Geology can also include the study of the solid features of any terrestrial planet or natural satellite such as Mars or the Moon., 52844, 0)
(Geology can also include the study of the solid features of any terrestrial planet or natural satellite such as Mars or the Moon., 1428, 0)
(Geology can also include the study of the solid features of any terrestrial planet or natural satellite such as Mars or the Moon., 50802, 0)
(Geology can also include the study of the solid features of any terrestrial planet or natural satellite such as Mars or the Moon., 3567, 0)
(Geology can also include the study of the solid features of any terrestrial planet or natural satellite such as Mars or the Moon., 64542, 0)
(Geology can also include the study of the solid features of any terrestrial planet or natural satellite such as Mars or the Moon., 759, 0)
(Geology can also include the study of the solid features of any terrestrial planet or natural satellite such as Mars or the Moon., 159046, 0)
(Modern geology significantly overlaps all other earth sciences, including hydrology and the atmospheric sciences, and so is treated as one major aspect of integrated earth system science and planetary science., 2018, 0)
(Modern geology significantly overlaps all other earth sciences, including hydrology and the atmospheric sciences, and so is treated as one major aspect of integrated earth system science and planetary science., 1122, 0)
(Modern geology significantly overlaps all other earth sciences, including hydrology and the atmospheric sciences, and so is treated as one major aspect of integrated earth system science and planetary science., 17224, 0)
(Modern geology significantly overlaps all other earth sciences, including hydrology and the atmospheric sciences, and so is treated as one major aspect of integrated earth system science and planetary science., 17617, 0)
(Modern geology significantly overlaps all other earth sciences, including hydrology and the atmospheric sciences, and so is treated as one major aspect of integrated earth system science and planetary science., 17557, 0)
(Modern geology significantly overlaps all other earth sciences, including hydrology and the atmospheric sciences, and so is treated as one major aspect of integrated earth system science and planetary science., 17061, 0)
(Modern geology significantly overlaps all other earth sciences, including hydrology and the atmospheric sciences, and so is treated as one major aspect of integrated earth system science and planetary science., 17232, 0)
(Modern geology significantly overlaps all other earth sciences, including hydrology and the atmospheric sciences, and so is treated as one major aspect of integrated earth system science and planetary science., 17556, 0)
(Modern geology significantly overlaps all other earth sciences, including hydrology and the atmospheric sciences, and so is treated as one major aspect of integrated earth system science and planetary science., 17632, 0)
(Modern geology significantly overlaps all other earth sciences, including hydrology and the atmospheric sciences, and so is treated as one major aspect of integrated earth system science and planetary science., 17494, 0)
(Geology is an earth science concerned with the solid Earth, the rocks of which it is composed, and the processes by which they change over time., 93378, 0)
(Geology is an earth science concerned with the solid Earth, the rocks of which it is composed, and the processes by which they change over time., 5130, 0)
(Geology is an earth science concerned with the solid Earth, the rocks of which it is composed, and the processes by which they change over time., 264, 0)
(Geology is an earth science concerned with the solid Earth, the rocks of which it is composed, and the processes by which they change over time., 51044, 0)
(Geology is an earth science concerned with the solid Earth, the rocks of which it is composed, and the processes by which they change over time., 2018, 0)
(Geology is an earth science concerned with the solid Earth, the rocks of which it is composed, and the processes by which they change over time., 51462, 0)
(Geology is an earth science concerned with the solid Earth, the rocks of which it is composed, and the processes by which they change over time., 4938, 0)
(Geology is an earth science concerned with the solid Earth, the rocks of which it is composed, and the processes by which they change over time., 2880, 0)
(Geology is an earth science concerned with the solid Earth, the rocks of which it is composed, and the processes by which they change over time., 51056, 0)
(Geology is an earth science concerned with the solid Earth, the rocks of which it is composed, and the processes by which they change over time., 75714, 0)
(Geology can also include the study of the solid features of any terrestrial planet or natural satellite such as Mars or the Moon., 155743, 0)
(Geology can also include the study of the solid features of any terrestrial planet or natural satellite such as Mars or the Moon., 154921, 0)
(Geology can also include the study of the solid features of any terrestrial planet or natural satellite such as Mars or the Moon., 15962, 0)
(Geology can also include the study of the solid features of any terrestrial planet or natural satellite such as Mars or the Moon., 52844, 0)
(Geology can also include the study of the solid features of any terrestrial planet or natural satellite such as Mars or the Moon., 1428, 0)
(Geology can also include the study of the solid features of any terrestrial planet or natural satellite such as Mars or the Moon., 50802, 0)
(Geology can also include the study of the solid features of any terrestrial planet or natural satellite such as Mars or the Moon., 3567, 0)
(Geology can also include the study of the solid features of any terrestrial planet or natural satellite such as Mars or the Moon., 64542, 0)
(Geology can also include the study of the solid features of any terrestrial planet or natural satellite such as Mars or the Moon., 759, 0)
(Geology can also include the study of the solid features of any terrestrial planet or natural satellite such as Mars or the Moon., 159046, 0)
(Modern geology significantly overlaps all other earth sciences, including hydrology and the atmospheric sciences, and so is treated as one major aspect of integrated earth system science and planetary science., 2018, 0)
(Modern geology significantly overlaps all other earth sciences, including hydrology and the atmospheric sciences, and so is treated as one major aspect of integrated earth system science and planetary science., 1122, 0)
(Modern geology significantly overlaps all other earth sciences, including hydrology and the atmospheric sciences, and so is treated as one major aspect of integrated earth system science and planetary science., 17224, 0)
(Modern geology significantly overlaps all other earth sciences, including hydrology and the atmospheric sciences, and so is treated as one major aspect of integrated earth system science and planetary science., 17617, 0)
(Modern geology significantly overlaps all other earth sciences, including hydrology and the atmospheric sciences, and so is treated as one major aspect of integrated earth system science and planetary science., 17557, 0)
(Modern geology significantly overlaps all other earth sciences, including hydrology and the atmospheric sciences, and so is treated as one major aspect of integrated earth system science and planetary science., 17061, 0)
(Modern geology significantly overlaps all other earth sciences, including hydrology and the atmospheric sciences, and so is treated as one major aspect of integrated earth system science and planetary science., 17232, 0)
(Modern geology significantly overlaps all other earth sciences, including hydrology and the atmospheric sciences, and so is treated as one major aspect of integrated earth system science and planetary science., 17556, 0)
(Modern geology significantly overlaps all other earth sciences, including hydrology and the atmospheric sciences, and so is treated as one major aspect of integrated earth system science and planetary science., 17632, 0)
(Modern geology significantly overlaps all other earth sciences, including hydrology and the atmospheric sciences, and so is treated as one major aspect of integrated earth system science and planetary science., 17494, 0)
(,paper=93378, 173891, 0)
(,paper=93378, 68781, 0)
(,paper=93378, 76018, 0)
(,paper=93378, 38870, 0)
(,paper=93378, 39704, 0)
(,paper=93378, 174218, 0)
(,paper=93378, 173559, 0)
(,paper=93378, 198909, 0)
(,paper=93378, 173867, 0)
(,paper=93378, 64026, 0)
(,paper=93378, 173891, 0)
(,paper=93378, 68781, 0)
(,paper=93378, 76018, 0)
(,paper=93378, 38870, 0)
(,paper=93378, 39704, 0)
(,paper=93378, 174218, 0)
(,paper=93378, 173559, 0)
(,paper=93378, 198909, 0)
(,paper=93378, 173867, 0)
(,paper=93378, 64026, 0)
(,paper=93378, 173891, 0)
(,paper=93378, 68781, 0)
(,paper=93378, 76018, 0)
(,paper=93378, 38870, 0)
(,paper=93378, 39704, 0)
(,paper=93378, 174218, 0)
(,paper=93378, 173559, 0)
(,paper=93378, 198909, 0)
(,paper=93378, 173867, 0)
(,paper=93378, 64026, 0)
(Geology is an earth science concerned with the solid Earth, the rocks of which it is composed, and the processes by which they change over time., 93378, 0)
(Geology is an earth science concerned with the solid Earth, the rocks of which it is composed, and the processes by which they change over time., 5130, 0)
(Geology is an earth science concerned with the solid Earth, the rocks of which it is composed, and the processes by which they change over time., 264, 0)
(Geology is an earth science concerned with the solid Earth, the rocks of which it is composed, and the processes by which they change over time., 51044, 0)
(Geology is an earth science concerned with the solid Earth, the rocks of which it is composed, and the processes by which they change over time., 2018, 0)
(Geology is an earth science concerned with the solid Earth, the rocks of which it is composed, and the processes by which they change over time., 51462, 0)
(Geology is an earth science concerned with the solid Earth, the rocks of which it is composed, and the processes by which they change over time., 4938, 0)
(Geology is an earth science concerned with the solid Earth, the rocks of which it is composed, and the processes by which they change over time., 2880, 0)
(Geology is an earth science concerned with the solid Earth, the rocks of which it is composed, and the processes by which they change over time., 51056, 0)
(Geology is an earth science concerned with the solid Earth, the rocks of which it is composed, and the processes by which they change over time., 75714, 0)
(Geology can also include the study of the solid features of any terrestrial planet or natural satellite such as Mars or the Moon., 155743, 0)
(Geology can also include the study of the solid features of any terrestrial planet or natural satellite such as Mars or the Moon., 154921, 0)
(Geology can also include the study of the solid features of any terrestrial planet or natural satellite such as Mars or the Moon., 15962, 0)
(Geology can also include the study of the solid features of any terrestrial planet or natural satellite such as Mars or the Moon., 52844, 0)
(Geology can also include the study of the solid features of any terrestrial planet or natural satellite such as Mars or the Moon., 1428, 0)
(Geology can also include the study of the solid features of any terrestrial planet or natural satellite such as Mars or the Moon., 50802, 0)
(Geology can also include the study of the solid features of any terrestrial planet or natural satellite such as Mars or the Moon., 3567, 0)
(Geology can also include the study of the solid features of any terrestrial planet or natural satellite such as Mars or the Moon., 64542, 0)
(Geology can also include the study of the solid features of any terrestrial planet or natural satellite such as Mars or the Moon., 759, 0)
(Geology can also include the study of the solid features of any terrestrial planet or natural satellite such as Mars or the Moon., 159046, 0)
(Modern geology significantly overlaps all other earth sciences, including hydrology and the atmospheric sciences, and so is treated as one major aspect of integrated earth system science and planetary science., 2018, 0)
(Modern geology significantly overlaps all other earth sciences, including hydrology and the atmospheric sciences, and so is treated as one major aspect of integrated earth system science and planetary science., 1122, 0)
(Modern geology significantly overlaps all other earth sciences, including hydrology and the atmospheric sciences, and so is treated as one major aspect of integrated earth system science and planetary science., 17224, 0)
(Modern geology significantly overlaps all other earth sciences, including hydrology and the atmospheric sciences, and so is treated as one major aspect of integrated earth system science and planetary science., 17617, 0)
(Modern geology significantly overlaps all other earth sciences, including hydrology and the atmospheric sciences, and so is treated as one major aspect of integrated earth system science and planetary science., 17557, 0)
(Modern geology significantly overlaps all other earth sciences, including hydrology and the atmospheric sciences, and so is treated as one major aspect of integrated earth system science and planetary science., 17061, 0)
(Modern geology significantly overlaps all other earth sciences, including hydrology and the atmospheric sciences, and so is treated as one major aspect of integrated earth system science and planetary science., 17232, 0)
(Modern geology significantly overlaps all other earth sciences, including hydrology and the atmospheric sciences, and so is treated as one major aspect of integrated earth system science and planetary science., 17556, 0)
(Modern geology significantly overlaps all other earth sciences, including hydrology and the atmospheric sciences, and so is treated as one major aspect of integrated earth system science and planetary science., 17632, 0)
(Modern geology significantly overlaps all other earth sciences, including hydrology and the atmospheric sciences, and so is treated as one major aspect of integrated earth system science and planetary science., 17494, 0)
(eigenvectors, 42752, 0)
(eigenvectors, 76537, 0)
(eigenvectors, 173973, 0)
(eigenvectors, 166176, 0)
(eigenvectors, 76504, 0)
(eigenvectors, 76514, 0)
(eigenvectors, 50931, 0)
(eigenvectors, 77161, 0)
(eigenvectors, 93099, 0)
(eigenvectors, 7552, 0)
(eigenvectors, 76537, 1)
(Geology is an earth science concerned with the solid Earth, the rocks of which it is composed, and the processes by which they change over time., 93378, 0)
(Geology is an earth science concerned with the solid Earth, the rocks of which it is composed, and the processes by which they change over time., 5130, 0)
(Geology is an earth science concerned with the solid Earth, the rocks of which it is composed, and the processes by which they change over time., 264, 0)
(Geology is an earth science concerned with the solid Earth, the rocks of which it is composed, and the processes by which they change over time., 51044, 0)
(Geology is an earth science concerned with the solid Earth, the rocks of which it is composed, and the processes by which they change over time., 2018, 0)
(Geology is an earth science concerned with the solid Earth, the rocks of which it is composed, and the processes by which they change over time., 51462, 0)
(Geology is an earth science concerned with the solid Earth, the rocks of which it is composed, and the processes by which they change over time., 4938, 0)
(Geology is an earth science concerned with the solid Earth, the rocks of which it is composed, and the processes by which they change over time., 2880, 0)
(Geology is an earth science concerned with the solid Earth, the rocks of which it is composed, and the processes by which they change over time., 51056, 0)
(Geology is an earth science concerned with the solid Earth, the rocks of which it is composed, and the processes by which they change over time., 75714, 0)
(Geology can also include the study of the solid features of any terrestrial planet or natural satellite such as Mars or the Moon., 155743, 0)
(Geology can also include the study of the solid features of any terrestrial planet or natural satellite such as Mars or the Moon., 154921, 0)
(Geology can also include the study of the solid features of any terrestrial planet or natural satellite such as Mars or the Moon., 15962, 0)
(Geology can also include the study of the solid features of any terrestrial planet or natural satellite such as Mars or the Moon., 52844, 0)
(Geology can also include the study of the solid features of any terrestrial planet or natural satellite such as Mars or the Moon., 1428, 0)
(Geology can also include the study of the solid features of any terrestrial planet or natural satellite such as Mars or the Moon., 50802, 0)
(Geology can also include the study of the solid features of any terrestrial planet or natural satellite such as Mars or the Moon., 3567, 0)
(Geology can also include the study of the solid features of any terrestrial planet or natural satellite such as Mars or the Moon., 64542, 0)
(Geology can also include the study of the solid features of any terrestrial planet or natural satellite such as Mars or the Moon., 759, 0)
(Geology can also include the study of the solid features of any terrestrial planet or natural satellite such as Mars or the Moon., 159046, 0)
(Modern geology significantly overlaps all other earth sciences, including hydrology and the atmospheric sciences, and so is treated as one major aspect of integrated earth system science and planetary science., 2018, 0)
(Modern geology significantly overlaps all other earth sciences, including hydrology and the atmospheric sciences, and so is treated as one major aspect of integrated earth system science and planetary science., 1122, 0)
(Modern geology significantly overlaps all other earth sciences, including hydrology and the atmospheric sciences, and so is treated as one major aspect of integrated earth system science and planetary science., 17224, 0)
(Modern geology significantly overlaps all other earth sciences, including hydrology and the atmospheric sciences, and so is treated as one major aspect of integrated earth system science and planetary science., 17617, 0)
(Modern geology significantly overlaps all other earth sciences, including hydrology and the atmospheric sciences, and so is treated as one major aspect of integrated earth system science and planetary science., 17557, 0)
(Modern geology significantly overlaps all other earth sciences, including hydrology and the atmospheric sciences, and so is treated as one major aspect of integrated earth system science and planetary science., 17061, 0)
(Modern geology significantly overlaps all other earth sciences, including hydrology and the atmospheric sciences, and so is treated as one major aspect of integrated earth system science and planetary science., 17232, 0)
(Modern geology significantly overlaps all other earth sciences, including hydrology and the atmospheric sciences, and so is treated as one major aspect of integrated earth system science and planetary science., 17556, 0)
(Modern geology significantly overlaps all other earth sciences, including hydrology and the atmospheric sciences, and so is treated as one major aspect of integrated earth system science and planetary science., 17632, 0)
(Modern geology significantly overlaps all other earth sciences, including hydrology and the atmospheric sciences, and so is treated as one major aspect of integrated earth system science and planetary science., 17494, 0)
(Geology is an earth science concerned with the solid Earth, the rocks of which it is composed, and the processes by which they change over time.Geology can also include the study of the solid features of any terrestrial planet or natural satellite such as Mars or the Moon.Modern geology significantly overlaps all other earth sciences, including hydrology and the atmospheric sciences, and so is treated as one major aspect of integrated earth system science and planetary science. , 93378, 1)
(Geology is an earth science concerned with the solid Earth, the rocks of which it is composed, and the processes by which they change over time.
Geology can also include the study of the solid features of any terrestrial planet or natural satellite such as Mars or the Moon.
Modern geology significantly overlaps all other earth sciences, including hydrology and the atmospheric sciences, and so is treated as one major aspect of integrated earth system science and planetary science. 
, 2018, 0)
(Geology is an earth science concerned with the solid Earth, the rocks of which it is composed, and the processes by which they change over time.
Geology can also include the study of the solid features of any terrestrial planet or natural satellite such as Mars or the Moon.
Modern geology significantly overlaps all other earth sciences, including hydrology and the atmospheric sciences, and so is treated as one major aspect of integrated earth system science and planetary science. 
, 15962, 0)
(Geology is an earth science concerned with the solid Earth, the rocks of which it is composed, and the processes by which they change over time.
Geology can also include the study of the solid features of any terrestrial planet or natural satellite such as Mars or the Moon.
Modern geology significantly overlaps all other earth sciences, including hydrology and the atmospheric sciences, and so is treated as one major aspect of integrated earth system science and planetary science. 
, 759, 0)
(Geology is an earth science concerned with the solid Earth, the rocks of which it is composed, and the processes by which they change over time.
Geology can also include the study of the solid features of any terrestrial planet or natural satellite such as Mars or the Moon.
Modern geology significantly overlaps all other earth sciences, including hydrology and the atmospheric sciences, and so is treated as one major aspect of integrated earth system science and planetary science. 
, 1122, 0)
(Geology is an earth science concerned with the solid Earth, the rocks of which it is composed, and the processes by which they change over time.
Geology can also include the study of the solid features of any terrestrial planet or natural satellite such as Mars or the Moon.
Modern geology significantly overlaps all other earth sciences, including hydrology and the atmospheric sciences, and so is treated as one major aspect of integrated earth system science and planetary science. 
, 75564, 0)
(Geology is an earth science concerned with the solid Earth, the rocks of which it is composed, and the processes by which they change over time.
Geology can also include the study of the solid features of any terrestrial planet or natural satellite such as Mars or the Moon.
Modern geology significantly overlaps all other earth sciences, including hydrology and the atmospheric sciences, and so is treated as one major aspect of integrated earth system science and planetary science. 
, 1502, 0)
(Geology is an earth science concerned with the solid Earth, the rocks of which it is composed, and the processes by which they change over time.
Geology can also include the study of the solid features of any terrestrial planet or natural satellite such as Mars or the Moon.
Modern geology significantly overlaps all other earth sciences, including hydrology and the atmospheric sciences, and so is treated as one major aspect of integrated earth system science and planetary science. 
, 264, 0)
(Geology is an earth science concerned with the solid Earth, the rocks of which it is composed, and the processes by which they change over time.
Geology can also include the study of the solid features of any terrestrial planet or natural satellite such as Mars or the Moon.
Modern geology significantly overlaps all other earth sciences, including hydrology and the atmospheric sciences, and so is treated as one major aspect of integrated earth system science and planetary science. 
, 2211, 0)
(Geology is an earth science concerned with the solid Earth, the rocks of which it is composed, and the processes by which they change over time.
Geology can also include the study of the solid features of any terrestrial planet or natural satellite such as Mars or the Moon.
Modern geology significantly overlaps all other earth sciences, including hydrology and the atmospheric sciences, and so is treated as one major aspect of integrated earth system science and planetary science. 
, 64542, 0)
(Geology is an earth science concerned with the solid Earth, the rocks of which it is composed, and the processes by which they change over time.
Geology can also include the study of the solid features of any terrestrial planet or natural satellite such as Mars or the Moon.
Modern geology significantly overlaps all other earth sciences, including hydrology and the atmospheric sciences, and so is treated as one major aspect of integrated earth system science and planetary science. 
, 2369, 0)
(Geology is an earth science concerned with the solid Earth, the rocks of which it is composed, and the processes by which they change over time.
Geology can also include the study of the solid features of any terrestrial planet or natural satellite such as Mars or the Moon.
Modern geology significantly overlaps all other earth sciences, including hydrology and the atmospheric sciences, and so is treated as one major aspect of integrated earth system science and planetary science. 
, 2018, 0)
(Geology is an earth science concerned with the solid Earth, the rocks of which it is composed, and the processes by which they change over time.
Geology can also include the study of the solid features of any terrestrial planet or natural satellite such as Mars or the Moon.
Modern geology significantly overlaps all other earth sciences, including hydrology and the atmospheric sciences, and so is treated as one major aspect of integrated earth system science and planetary science. 
, 15962, 0)
(Geology is an earth science concerned with the solid Earth, the rocks of which it is composed, and the processes by which they change over time.
Geology can also include the study of the solid features of any terrestrial planet or natural satellite such as Mars or the Moon.
Modern geology significantly overlaps all other earth sciences, including hydrology and the atmospheric sciences, and so is treated as one major aspect of integrated earth system science and planetary science. 
, 759, 0)
(Geology is an earth science concerned with the solid Earth, the rocks of which it is composed, and the processes by which they change over time.
Geology can also include the study of the solid features of any terrestrial planet or natural satellite such as Mars or the Moon.
Modern geology significantly overlaps all other earth sciences, including hydrology and the atmospheric sciences, and so is treated as one major aspect of integrated earth system science and planetary science. 
, 1122, 0)
(Geology is an earth science concerned with the solid Earth, the rocks of which it is composed, and the processes by which they change over time.
Geology can also include the study of the solid features of any terrestrial planet or natural satellite such as Mars or the Moon.
Modern geology significantly overlaps all other earth sciences, including hydrology and the atmospheric sciences, and so is treated as one major aspect of integrated earth system science and planetary science. 
, 75564, 0)
(Geology is an earth science concerned with the solid Earth, the rocks of which it is composed, and the processes by which they change over time.
Geology can also include the study of the solid features of any terrestrial planet or natural satellite such as Mars or the Moon.
Modern geology significantly overlaps all other earth sciences, including hydrology and the atmospheric sciences, and so is treated as one major aspect of integrated earth system science and planetary science. 
, 1502, 0)
(Geology is an earth science concerned with the solid Earth, the rocks of which it is composed, and the processes by which they change over time.
Geology can also include the study of the solid features of any terrestrial planet or natural satellite such as Mars or the Moon.
Modern geology significantly overlaps all other earth sciences, including hydrology and the atmospheric sciences, and so is treated as one major aspect of integrated earth system science and planetary science. 
, 264, 0)
(Geology is an earth science concerned with the solid Earth, the rocks of which it is composed, and the processes by which they change over time.
Geology can also include the study of the solid features of any terrestrial planet or natural satellite such as Mars or the Moon.
Modern geology significantly overlaps all other earth sciences, including hydrology and the atmospheric sciences, and so is treated as one major aspect of integrated earth system science and planetary science. 
, 2211, 0)
(Geology is an earth science concerned with the solid Earth, the rocks of which it is composed, and the processes by which they change over time.
Geology can also include the study of the solid features of any terrestrial planet or natural satellite such as Mars or the Moon.
Modern geology significantly overlaps all other earth sciences, including hydrology and the atmospheric sciences, and so is treated as one major aspect of integrated earth system science and planetary science. 
, 64542, 0)
(Geology is an earth science concerned with the solid Earth, the rocks of which it is composed, and the processes by which they change over time.
Geology can also include the study of the solid features of any terrestrial planet or natural satellite such as Mars or the Moon.
Modern geology significantly overlaps all other earth sciences, including hydrology and the atmospheric sciences, and so is treated as one major aspect of integrated earth system science and planetary science. 
, 2369, 0)
(                Geology is an earth science concerned with the solid Earth, the rocks of which it is composed, and the processes by which they change over time.
Geology can also include the study of the solid features of any terrestrial planet or natural satellite such as Mars or the Moon.
Modern geology significantly overlaps all other earth sciences, including hydrology and the atmospheric sciences, and so is treated as one major aspect of integrated earth system science and planetary science. 

            , 2018, 0)
(                Geology is an earth science concerned with the solid Earth, the rocks of which it is composed, and the processes by which they change over time.
Geology can also include the study of the solid features of any terrestrial planet or natural satellite such as Mars or the Moon.
Modern geology significantly overlaps all other earth sciences, including hydrology and the atmospheric sciences, and so is treated as one major aspect of integrated earth system science and planetary science. 

            , 15962, 0)
(                Geology is an earth science concerned with the solid Earth, the rocks of which it is composed, and the processes by which they change over time.
Geology can also include the study of the solid features of any terrestrial planet or natural satellite such as Mars or the Moon.
Modern geology significantly overlaps all other earth sciences, including hydrology and the atmospheric sciences, and so is treated as one major aspect of integrated earth system science and planetary science. 

            , 759, 0)
(                Geology is an earth science concerned with the solid Earth, the rocks of which it is composed, and the processes by which they change over time.
Geology can also include the study of the solid features of any terrestrial planet or natural satellite such as Mars or the Moon.
Modern geology significantly overlaps all other earth sciences, including hydrology and the atmospheric sciences, and so is treated as one major aspect of integrated earth system science and planetary science. 

            , 1122, 0)
(                Geology is an earth science concerned with the solid Earth, the rocks of which it is composed, and the processes by which they change over time.
Geology can also include the study of the solid features of any terrestrial planet or natural satellite such as Mars or the Moon.
Modern geology significantly overlaps all other earth sciences, including hydrology and the atmospheric sciences, and so is treated as one major aspect of integrated earth system science and planetary science. 

            , 75564, 0)
(                Geology is an earth science concerned with the solid Earth, the rocks of which it is composed, and the processes by which they change over time.
Geology can also include the study of the solid features of any terrestrial planet or natural satellite such as Mars or the Moon.
Modern geology significantly overlaps all other earth sciences, including hydrology and the atmospheric sciences, and so is treated as one major aspect of integrated earth system science and planetary science. 

            , 1502, 0)
(                Geology is an earth science concerned with the solid Earth, the rocks of which it is composed, and the processes by which they change over time.
Geology can also include the study of the solid features of any terrestrial planet or natural satellite such as Mars or the Moon.
Modern geology significantly overlaps all other earth sciences, including hydrology and the atmospheric sciences, and so is treated as one major aspect of integrated earth system science and planetary science. 

            , 264, 0)
(                Geology is an earth science concerned with the solid Earth, the rocks of which it is composed, and the processes by which they change over time.
Geology can also include the study of the solid features of any terrestrial planet or natural satellite such as Mars or the Moon.
Modern geology significantly overlaps all other earth sciences, including hydrology and the atmospheric sciences, and so is treated as one major aspect of integrated earth system science and planetary science. 

            , 2211, 0)
(                Geology is an earth science concerned with the solid Earth, the rocks of which it is composed, and the processes by which they change over time.
Geology can also include the study of the solid features of any terrestrial planet or natural satellite such as Mars or the Moon.
Modern geology significantly overlaps all other earth sciences, including hydrology and the atmospheric sciences, and so is treated as one major aspect of integrated earth system science and planetary science. 

            , 64542, 0)
(                Geology is an earth science concerned with the solid Earth, the rocks of which it is composed, and the processes by which they change over time.
Geology can also include the study of the solid features of any terrestrial planet or natural satellite such as Mars or the Moon.
Modern geology significantly overlaps all other earth sciences, including hydrology and the atmospheric sciences, and so is treated as one major aspect of integrated earth system science and planetary science. 

            , 2369, 0)
(Geology is an earth science concerned with the solid Earth, the rocks of which it is composed, and the processes by which they change over time., 93378, 0)
(Geology is an earth science concerned with the solid Earth, the rocks of which it is composed, and the processes by which they change over time., 5130, 0)
(Geology is an earth science concerned with the solid Earth, the rocks of which it is composed, and the processes by which they change over time., 264, 0)
(Geology is an earth science concerned with the solid Earth, the rocks of which it is composed, and the processes by which they change over time., 51044, 0)
(Geology is an earth science concerned with the solid Earth, the rocks of which it is composed, and the processes by which they change over time., 2018, 0)
(Geology is an earth science concerned with the solid Earth, the rocks of which it is composed, and the processes by which they change over time., 51462, 0)
(Geology is an earth science concerned with the solid Earth, the rocks of which it is composed, and the processes by which they change over time., 4938, 0)
(Geology is an earth science concerned with the solid Earth, the rocks of which it is composed, and the processes by which they change over time., 2880, 0)
(Geology is an earth science concerned with the solid Earth, the rocks of which it is composed, and the processes by which they change over time., 51056, 0)
(Geology is an earth science concerned with the solid Earth, the rocks of which it is composed, and the processes by which they change over time., 75714, 0)
(Geology can also include the study of the solid features of any terrestrial planet or natural satellite such as Mars or the Moon., 155743, 0)
(Geology can also include the study of the solid features of any terrestrial planet or natural satellite such as Mars or the Moon., 154921, 0)
(Geology can also include the study of the solid features of any terrestrial planet or natural satellite such as Mars or the Moon., 15962, 0)
(Geology can also include the study of the solid features of any terrestrial planet or natural satellite such as Mars or the Moon., 52844, 0)
(Geology can also include the study of the solid features of any terrestrial planet or natural satellite such as Mars or the Moon., 1428, 0)
(Geology can also include the study of the solid features of any terrestrial planet or natural satellite such as Mars or the Moon., 50802, 0)
(Geology can also include the study of the solid features of any terrestrial planet or natural satellite such as Mars or the Moon., 3567, 0)
(Geology can also include the study of the solid features of any terrestrial planet or natural satellite such as Mars or the Moon., 64542, 0)
(Geology can also include the study of the solid features of any terrestrial planet or natural satellite such as Mars or the Moon., 759, 0)
(Geology can also include the study of the solid features of any terrestrial planet or natural satellite such as Mars or the Moon., 159046, 0)
(Modern geology significantly overlaps all other earth sciences, including hydrology and the atmospheric sciences, and so is treated as one major aspect of integrated earth system science and planetary science., 2018, 0)
(Modern geology significantly overlaps all other earth sciences, including hydrology and the atmospheric sciences, and so is treated as one major aspect of integrated earth system science and planetary science., 1122, 0)
(Modern geology significantly overlaps all other earth sciences, including hydrology and the atmospheric sciences, and so is treated as one major aspect of integrated earth system science and planetary science., 17224, 0)
(Modern geology significantly overlaps all other earth sciences, including hydrology and the atmospheric sciences, and so is treated as one major aspect of integrated earth system science and planetary science., 17617, 0)
(Modern geology significantly overlaps all other earth sciences, including hydrology and the atmospheric sciences, and so is treated as one major aspect of integrated earth system science and planetary science., 17557, 0)
(Modern geology significantly overlaps all other earth sciences, including hydrology and the atmospheric sciences, and so is treated as one major aspect of integrated earth system science and planetary science., 17061, 0)
(Modern geology significantly overlaps all other earth sciences, including hydrology and the atmospheric sciences, and so is treated as one major aspect of integrated earth system science and planetary science., 17232, 0)
(Modern geology significantly overlaps all other earth sciences, including hydrology and the atmospheric sciences, and so is treated as one major aspect of integrated earth system science and planetary science., 17556, 0)
(Modern geology significantly overlaps all other earth sciences, including hydrology and the atmospheric sciences, and so is treated as one major aspect of integrated earth system science and planetary science., 17632, 0)
(Modern geology significantly overlaps all other earth sciences, including hydrology and the atmospheric sciences, and so is treated as one major aspect of integrated earth system science and planetary science., 17494, 0)
(                                Geology is an earth science concerned with the solid Earth, the rocks of which it is composed, and the processes by which they change over time.
Geology can also include the study of the solid features of any terrestrial planet or natural satellite such as Mars or the Moon.
Modern geology significantly overlaps all other earth sciences, including hydrology and the atmospheric sciences, and so is treated as one major aspect of integrated earth system science and planetary science. 

            
            , 2018, 0)
(                                Geology is an earth science concerned with the solid Earth, the rocks of which it is composed, and the processes by which they change over time.
Geology can also include the study of the solid features of any terrestrial planet or natural satellite such as Mars or the Moon.
Modern geology significantly overlaps all other earth sciences, including hydrology and the atmospheric sciences, and so is treated as one major aspect of integrated earth system science and planetary science. 

            
            , 15962, 0)
(                                Geology is an earth science concerned with the solid Earth, the rocks of which it is composed, and the processes by which they change over time.
Geology can also include the study of the solid features of any terrestrial planet or natural satellite such as Mars or the Moon.
Modern geology significantly overlaps all other earth sciences, including hydrology and the atmospheric sciences, and so is treated as one major aspect of integrated earth system science and planetary science. 

            
            , 759, 0)
(                                Geology is an earth science concerned with the solid Earth, the rocks of which it is composed, and the processes by which they change over time.
Geology can also include the study of the solid features of any terrestrial planet or natural satellite such as Mars or the Moon.
Modern geology significantly overlaps all other earth sciences, including hydrology and the atmospheric sciences, and so is treated as one major aspect of integrated earth system science and planetary science. 

            
            , 1122, 0)
(                                Geology is an earth science concerned with the solid Earth, the rocks of which it is composed, and the processes by which they change over time.
Geology can also include the study of the solid features of any terrestrial planet or natural satellite such as Mars or the Moon.
Modern geology significantly overlaps all other earth sciences, including hydrology and the atmospheric sciences, and so is treated as one major aspect of integrated earth system science and planetary science. 

            
            , 75564, 0)
(                                Geology is an earth science concerned with the solid Earth, the rocks of which it is composed, and the processes by which they change over time.
Geology can also include the study of the solid features of any terrestrial planet or natural satellite such as Mars or the Moon.
Modern geology significantly overlaps all other earth sciences, including hydrology and the atmospheric sciences, and so is treated as one major aspect of integrated earth system science and planetary science. 

            
            , 1502, 0)
(                                Geology is an earth science concerned with the solid Earth, the rocks of which it is composed, and the processes by which they change over time.
Geology can also include the study of the solid features of any terrestrial planet or natural satellite such as Mars or the Moon.
Modern geology significantly overlaps all other earth sciences, including hydrology and the atmospheric sciences, and so is treated as one major aspect of integrated earth system science and planetary science. 

            
            , 264, 0)
(                                Geology is an earth science concerned with the solid Earth, the rocks of which it is composed, and the processes by which they change over time.
Geology can also include the study of the solid features of any terrestrial planet or natural satellite such as Mars or the Moon.
Modern geology significantly overlaps all other earth sciences, including hydrology and the atmospheric sciences, and so is treated as one major aspect of integrated earth system science and planetary science. 

            
            , 2211, 0)
(                                Geology is an earth science concerned with the solid Earth, the rocks of which it is composed, and the processes by which they change over time.
Geology can also include the study of the solid features of any terrestrial planet or natural satellite such as Mars or the Moon.
Modern geology significantly overlaps all other earth sciences, including hydrology and the atmospheric sciences, and so is treated as one major aspect of integrated earth system science and planetary science. 

            
            , 64542, 0)
(                                Geology is an earth science concerned with the solid Earth, the rocks of which it is composed, and the processes by which they change over time.
Geology can also include the study of the solid features of any terrestrial planet or natural satellite such as Mars or the Moon.
Modern geology significantly overlaps all other earth sciences, including hydrology and the atmospheric sciences, and so is treated as one major aspect of integrated earth system science and planetary science. 

            
            , 2369, 0)
